build/app/intermediates/manifest_merge_blame_file/release/manifest-merger-blame-release-report.txt
1<?xml version="1.0" encoding="utf-8"?>
2<manifest xmlns:android="http://schemas.android.com/apk/res/android"
3    package="com.example.user"
4    android:versionCode="1"
5    android:versionName="1.0.0" >
6
7    <uses-sdk
8        android:minSdkVersion="21"
8-->src\main\AndroidManifest.xml
9        android:targetSdkVersion="33" />
9-->src\main\AndroidManifest.xml
10
11    <uses-permission android:name="android.permission.BLUETOOTH" />
11-->src\main\AndroidManifest.xml:4:5-68
11-->src\main\AndroidManifest.xml:4:22-65
12    <uses-permission android:name="android.permission.BLUETOOTH_ADMIN" />
12-->src\main\AndroidManifest.xml:5:1-70
12-->src\main\AndroidManifest.xml:5:18-67
13    <uses-permission android:name="android.permission.READ_EXTERNAL_STORAGE" />
13-->[:file_picker] AndroidManifest.xml:9:5-80
13-->[:file_picker] AndroidManifest.xml:9:22-77
14
15    <queries>
15-->[:file_picker] AndroidManifest.xml:11:5-17:15
16        <intent>
16-->[:file_picker] AndroidManifest.xml:12:9-16:18
17            <action android:name="android.intent.action.GET_CONTENT" />
17-->[:file_picker] AndroidManifest.xml:13:13-72
17-->[:file_picker] AndroidManifest.xml:13:21-69
18
19            <data android:mimeType="*/*" />
19-->[:file_picker] AndroidManifest.xml:15:13-44
19-->[:file_picker] AndroidManifest.xml:15:19-41
20        </intent>
21        <intent>
21-->[io.kommunicate.sdk:kommunicateui:2.7.5] AndroidManifest.xml:13:9-15:18
22            <action android:name="android.media.action.IMAGE_CAPTURE" />
22-->[io.kommunicate.sdk:kommunicateui:2.7.5] AndroidManifest.xml:14:13-73
22-->[io.kommunicate.sdk:kommunicateui:2.7.5] AndroidManifest.xml:14:21-70
23        </intent>
24        <intent>
24-->[io.kommunicate.sdk:kommunicateui:2.7.5] AndroidManifest.xml:18:9-20:18
25            <action android:name="android.speech.RecognitionService" />
25-->[io.kommunicate.sdk:kommunicateui:2.7.5] AndroidManifest.xml:19:13-72
25-->[io.kommunicate.sdk:kommunicateui:2.7.5] AndroidManifest.xml:19:21-69
26        </intent>
27    </queries>
28
29    <uses-permission android:name="android.permission.ACCESS_COARSE_LOCATION" />
29-->[:blue_thermal_printer] AndroidManifest.xml:9:5-81
29-->[:blue_thermal_printer] AndroidManifest.xml:9:22-78
30    <!--
31         Needed only if your app looks for Bluetooth devices.
32         You must add an attribute to this permission, or declare the
33         ACCESS_FINE_LOCATION permission, depending on the results when you
34         check location usage in your app.
35    -->
36    <uses-permission android:name="android.permission.ACCESS_FINE_LOCATION" />
36-->[:blue_thermal_printer] AndroidManifest.xml:20:5-79
36-->[:blue_thermal_printer] AndroidManifest.xml:20:22-76
37    <uses-permission android:name="android.permission.BLUETOOTH_SCAN" />
37-->[:blue_thermal_printer] AndroidManifest.xml:21:5-73
37-->[:blue_thermal_printer] AndroidManifest.xml:21:22-70
38    <!--
39         Needed only if your app makes the device discoverable to Bluetooth
40         devices.
41    -->
42    <uses-permission android:name="android.permission.BLUETOOTH_ADVERTISE" />
42-->[:blue_thermal_printer] AndroidManifest.xml:27:5-78
42-->[:blue_thermal_printer] AndroidManifest.xml:27:22-75
43    <!--
44         Needed only if your app communicates with already-paired Bluetooth
45         devices.
46    -->
47    <uses-permission android:name="android.permission.BLUETOOTH_CONNECT" />
47-->[:blue_thermal_printer] AndroidManifest.xml:33:5-76
47-->[:blue_thermal_printer] AndroidManifest.xml:33:22-73
48    <uses-permission android:name="android.permission.INTERNET" />
48-->[com.google.firebase:firebase-auth:22.0.0] AndroidManifest.xml:25:5-67
48-->[com.google.firebase:firebase-auth:22.0.0] AndroidManifest.xml:25:22-64
49    <uses-permission android:name="android.permission.ACCESS_NETWORK_STATE" /> <!-- Mandatory permissions -->
49-->[com.google.firebase:firebase-auth:22.0.0] AndroidManifest.xml:26:5-79
49-->[com.google.firebase:firebase-auth:22.0.0] AndroidManifest.xml:26:22-76
50    <uses-permission android:name="android.permission.VIBRATE" />
50-->[io.kommunicate.sdk:kommunicate:2.7.5] AndroidManifest.xml:13:5-15:30
50-->[io.kommunicate.sdk:kommunicate:2.7.5] AndroidManifest.xml:14:9-50
51    <uses-permission android:name="android.permission.RECEIVE_BOOT_COMPLETED" />
51-->[io.kommunicate.sdk:kommunicate:2.7.5] AndroidManifest.xml:22:5-24:30
51-->[io.kommunicate.sdk:kommunicate:2.7.5] AndroidManifest.xml:23:9-65
52
53    <uses-feature
53-->[com.google.android.gms:play-services-maps:17.0.0] AndroidManifest.xml:26:5-28:35
54        android:glEsVersion="0x00020000"
54-->[com.google.android.gms:play-services-maps:17.0.0] AndroidManifest.xml:27:9-41
55        android:required="true" />
55-->[com.google.android.gms:play-services-maps:17.0.0] AndroidManifest.xml:28:9-32
56
57    <uses-permission android:name="android.permission.POST_NOTIFICATIONS" />
57-->[com.google.firebase:firebase-messaging:23.1.2] AndroidManifest.xml:25:5-77
57-->[com.google.firebase:firebase-messaging:23.1.2] AndroidManifest.xml:25:22-74
58    <uses-permission android:name="android.permission.WAKE_LOCK" /> <!-- Required by older versions of Google Play services to create IID tokens -->
58-->[com.google.firebase:firebase-messaging:23.1.2] AndroidManifest.xml:26:5-68
58-->[com.google.firebase:firebase-messaging:23.1.2] AndroidManifest.xml:26:22-65
59    <uses-permission android:name="com.google.android.c2dm.permission.RECEIVE" />
59-->[com.google.firebase:firebase-messaging:23.1.2] AndroidManifest.xml:28:5-82
59-->[com.google.firebase:firebase-messaging:23.1.2] AndroidManifest.xml:28:22-79
60
61    <permission
61-->[androidx.core:core:1.10.1] AndroidManifest.xml:22:5-24:47
62        android:name="com.example.user.DYNAMIC_RECEIVER_NOT_EXPORTED_PERMISSION"
62-->[androidx.core:core:1.10.1] AndroidManifest.xml:23:9-81
63        android:protectionLevel="signature" />
63-->[androidx.core:core:1.10.1] AndroidManifest.xml:24:9-44
64
65    <uses-permission android:name="com.example.user.DYNAMIC_RECEIVER_NOT_EXPORTED_PERMISSION" />
65-->[androidx.core:core:1.10.1] AndroidManifest.xml:26:5-97
65-->[androidx.core:core:1.10.1] AndroidManifest.xml:26:22-94
66    <uses-permission android:name="android.permission.CAMERA" /> <!-- Don't require camera, as this requires a rear camera. This allows it to work on the Nexus 7 -->
66-->[com.journeyapps:zxing-android-embedded:3.6.0] AndroidManifest.xml:22:5-65
66-->[com.journeyapps:zxing-android-embedded:3.6.0] AndroidManifest.xml:22:22-62
67    <uses-feature
67-->[com.journeyapps:zxing-android-embedded:3.6.0] AndroidManifest.xml:25:5-27:36
68        android:name="android.hardware.camera"
68-->[com.journeyapps:zxing-android-embedded:3.6.0] AndroidManifest.xml:26:9-47
69        android:required="false" />
69-->[com.journeyapps:zxing-android-embedded:3.6.0] AndroidManifest.xml:27:9-33
70    <uses-feature
70-->[com.journeyapps:zxing-android-embedded:3.6.0] AndroidManifest.xml:28:5-30:36
71        android:name="android.hardware.camera.front"
71-->[com.journeyapps:zxing-android-embedded:3.6.0] AndroidManifest.xml:29:9-53
72        android:required="false" /> <!-- TODO replace above two with next line after Android 4.2 -->
72-->[com.journeyapps:zxing-android-embedded:3.6.0] AndroidManifest.xml:30:9-33
73    <!-- <uses-feature android:name="android.hardware.camera.any"/> -->
74    <uses-feature
74-->[com.journeyapps:zxing-android-embedded:3.6.0] AndroidManifest.xml:33:5-35:36
75        android:name="android.hardware.camera.autofocus"
75-->[com.journeyapps:zxing-android-embedded:3.6.0] AndroidManifest.xml:34:9-57
76        android:required="false" />
76-->[com.journeyapps:zxing-android-embedded:3.6.0] AndroidManifest.xml:35:9-33
77    <uses-feature
77-->[com.journeyapps:zxing-android-embedded:3.6.0] AndroidManifest.xml:36:5-38:36
78        android:name="android.hardware.camera.flash"
78-->[com.journeyapps:zxing-android-embedded:3.6.0] AndroidManifest.xml:37:9-53
79        android:required="false" />
79-->[com.journeyapps:zxing-android-embedded:3.6.0] AndroidManifest.xml:38:9-33
80    <uses-feature
80-->[com.journeyapps:zxing-android-embedded:3.6.0] AndroidManifest.xml:39:5-41:36
81        android:name="android.hardware.screen.landscape"
81-->[com.journeyapps:zxing-android-embedded:3.6.0] AndroidManifest.xml:40:9-57
82        android:required="false" />
82-->[com.journeyapps:zxing-android-embedded:3.6.0] AndroidManifest.xml:41:9-33
83    <uses-feature
83-->[com.journeyapps:zxing-android-embedded:3.6.0] AndroidManifest.xml:42:5-44:36
84        android:name="android.hardware.wifi"
84-->[com.journeyapps:zxing-android-embedded:3.6.0] AndroidManifest.xml:43:9-45
85        android:required="false" />
85-->[com.journeyapps:zxing-android-embedded:3.6.0] AndroidManifest.xml:44:9-33
86
87    <application
88        android:name="android.app.Application"
88-->src\main\AndroidManifest.xml:9:9-42
89        android:allowBackup="true"
89-->[io.kommunicate.sdk:kommunicateui:2.7.5] AndroidManifest.xml:24:9-35
90        android:appComponentFactory="androidx.core.app.CoreComponentFactory"
90-->[androidx.core:core:1.10.1] AndroidManifest.xml:28:18-86
91        android:icon="@mipmap/ic_launcher"
91-->src\main\AndroidManifest.xml:10:9-43
92        android:label="Tapsiman"
92-->src\main\AndroidManifest.xml:8:9-33
93        android:supportsRtl="true" >
93-->[io.kommunicate.sdk:kommunicateui:2.7.5] AndroidManifest.xml:26:9-35
94        <activity
94-->src\main\AndroidManifest.xml:11:9-31:20
95            android:name="com.example.user.MainActivity"
95-->src\main\AndroidManifest.xml:12:13-41
96            android:configChanges="orientation|keyboardHidden|keyboard|screenSize|smallestScreenSize|locale|layoutDirection|fontScale|screenLayout|density|uiMode"
96-->src\main\AndroidManifest.xml:16:13-163
97            android:exported="true"
97-->src\main\AndroidManifest.xml:13:13-36
98            android:hardwareAccelerated="true"
98-->src\main\AndroidManifest.xml:17:13-47
99            android:launchMode="singleTop"
99-->src\main\AndroidManifest.xml:14:13-43
100            android:theme="@style/LaunchTheme"
100-->src\main\AndroidManifest.xml:15:13-47
101            android:windowSoftInputMode="adjustResize" >
101-->src\main\AndroidManifest.xml:18:13-55
102
103            <!--
104                 Specifies an Android theme to apply to this Activity as soon as
105                 the Android process has started. This theme is visible to the user
106                 while the Flutter UI initializes. After that, this theme continues
107                 to determine the Window background behind the Flutter UI.
108            -->
109            <meta-data
109-->src\main\AndroidManifest.xml:23:13-26:17
110                android:name="io.flutter.embedding.android.NormalTheme"
110-->src\main\AndroidManifest.xml:24:15-70
111                android:resource="@style/NormalTheme" />
111-->src\main\AndroidManifest.xml:25:15-52
112
113            <intent-filter>
113-->src\main\AndroidManifest.xml:27:13-30:29
114                <action android:name="android.intent.action.MAIN" />
114-->src\main\AndroidManifest.xml:28:17-68
114-->src\main\AndroidManifest.xml:28:25-66
115
116                <category android:name="android.intent.category.LAUNCHER" />
116-->src\main\AndroidManifest.xml:29:17-76
116-->src\main\AndroidManifest.xml:29:27-74
117            </intent-filter>
118        </activity>
119        <!--
120             Don't delete the meta-data below.
121             This is used by the Flutter tool to generate GeneratedPluginRegistrant.java
122        -->
123        <meta-data
123-->src\main\AndroidManifest.xml:34:9-36:33
124            android:name="flutterEmbedding"
124-->src\main\AndroidManifest.xml:35:13-44
125            android:value="2" />
125-->src\main\AndroidManifest.xml:36:13-30
126
127        <service
127-->[:cloud_firestore] AndroidManifest.xml:10:9-14:19
128            android:name="com.google.firebase.components.ComponentDiscoveryService"
128-->[:cloud_firestore] AndroidManifest.xml:10:18-89
129            android:directBootAware="true"
129-->[com.google.firebase:firebase-common:20.3.2] AndroidManifest.xml:34:13-43
130            android:exported="false" >
130-->[com.google.firebase:firebase-auth:22.0.0] AndroidManifest.xml:68:13-37
131            <meta-data
131-->[:cloud_firestore] AndroidManifest.xml:11:13-13:85
132                android:name="com.google.firebase.components:io.flutter.plugins.firebase.firestore.FlutterFirebaseFirestoreRegistrar"
132-->[:cloud_firestore] AndroidManifest.xml:12:17-134
133                android:value="com.google.firebase.components.ComponentRegistrar" />
133-->[:cloud_firestore] AndroidManifest.xml:13:17-82
134            <meta-data
134-->[:firebase_auth] AndroidManifest.xml:11:13-13:85
135                android:name="com.google.firebase.components:io.flutter.plugins.firebase.auth.FlutterFirebaseAuthRegistrar"
135-->[:firebase_auth] AndroidManifest.xml:12:17-124
136                android:value="com.google.firebase.components.ComponentRegistrar" />
136-->[:firebase_auth] AndroidManifest.xml:13:17-82
137            <meta-data
137-->[:firebase_storage] AndroidManifest.xml:11:13-13:85
138                android:name="com.google.firebase.components:io.flutter.plugins.firebase.storage.FlutterFirebaseAppRegistrar"
138-->[:firebase_storage] AndroidManifest.xml:12:17-126
139                android:value="com.google.firebase.components.ComponentRegistrar" />
139-->[:firebase_storage] AndroidManifest.xml:13:17-82
140            <meta-data
140-->[:firebase_core] AndroidManifest.xml:11:13-13:85
141                android:name="com.google.firebase.components:io.flutter.plugins.firebase.core.FlutterFirebaseCoreRegistrar"
141-->[:firebase_core] AndroidManifest.xml:12:17-124
142                android:value="com.google.firebase.components.ComponentRegistrar" />
142-->[:firebase_core] AndroidManifest.xml:13:17-82
143            <meta-data
143-->[com.google.firebase:firebase-auth:22.0.0] AndroidManifest.xml:69:13-71:85
144                android:name="com.google.firebase.components:com.google.firebase.auth.FirebaseAuthRegistrar"
144-->[com.google.firebase:firebase-auth:22.0.0] AndroidManifest.xml:70:17-109
145                android:value="com.google.firebase.components.ComponentRegistrar" />
145-->[com.google.firebase:firebase-auth:22.0.0] AndroidManifest.xml:71:17-82
146            <meta-data
146-->[com.google.firebase:firebase-firestore:24.6.0] AndroidManifest.xml:19:13-21:85
147                android:name="com.google.firebase.components:com.google.firebase.firestore.FirestoreRegistrar"
147-->[com.google.firebase:firebase-firestore:24.6.0] AndroidManifest.xml:20:17-111
148                android:value="com.google.firebase.components.ComponentRegistrar" />
148-->[com.google.firebase:firebase-firestore:24.6.0] AndroidManifest.xml:21:17-82
149            <meta-data
149-->[com.google.firebase:firebase-storage:20.2.0] AndroidManifest.xml:32:13-34:85
150                android:name="com.google.firebase.components:com.google.firebase.storage.StorageRegistrar"
150-->[com.google.firebase:firebase-storage:20.2.0] AndroidManifest.xml:33:17-107
151                android:value="com.google.firebase.components.ComponentRegistrar" />
151-->[com.google.firebase:firebase-storage:20.2.0] AndroidManifest.xml:34:17-82
152            <meta-data
152-->[com.google.firebase:firebase-messaging:23.1.2] AndroidManifest.xml:55:13-57:85
153                android:name="com.google.firebase.components:com.google.firebase.messaging.FirebaseMessagingRegistrar"
153-->[com.google.firebase:firebase-messaging:23.1.2] AndroidManifest.xml:56:17-119
154                android:value="com.google.firebase.components.ComponentRegistrar" />
154-->[com.google.firebase:firebase-messaging:23.1.2] AndroidManifest.xml:57:17-82
155            <meta-data
155-->[com.google.firebase:firebase-datatransport:18.1.7] AndroidManifest.xml:27:13-29:85
156                android:name="com.google.firebase.components:com.google.firebase.datatransport.TransportRegistrar"
156-->[com.google.firebase:firebase-datatransport:18.1.7] AndroidManifest.xml:28:17-115
157                android:value="com.google.firebase.components.ComponentRegistrar" />
157-->[com.google.firebase:firebase-datatransport:18.1.7] AndroidManifest.xml:29:17-82
158            <meta-data
158-->[com.google.firebase:firebase-installations:17.1.3] AndroidManifest.xml:17:13-19:85
159                android:name="com.google.firebase.components:com.google.firebase.installations.FirebaseInstallationsRegistrar"
159-->[com.google.firebase:firebase-installations:17.1.3] AndroidManifest.xml:18:17-127
160                android:value="com.google.firebase.components.ComponentRegistrar" />
160-->[com.google.firebase:firebase-installations:17.1.3] AndroidManifest.xml:19:17-82
161        </service>
162
163        <provider
163-->[:flutter_email_sender] AndroidManifest.xml:10:9-18:20
164            android:name="com.sidlatau.flutteremailsender.FlutterEmailSenderFileProvider"
164-->[:flutter_email_sender] AndroidManifest.xml:11:13-90
165            android:authorities="com.example.user.file_provider"
165-->[:flutter_email_sender] AndroidManifest.xml:12:13-65
166            android:exported="false"
166-->[:flutter_email_sender] AndroidManifest.xml:13:13-37
167            android:grantUriPermissions="true" >
167-->[:flutter_email_sender] AndroidManifest.xml:14:13-47
168            <meta-data
168-->[:flutter_email_sender] AndroidManifest.xml:15:13-17:61
169                android:name="android.support.FILE_PROVIDER_PATHS"
169-->[:flutter_email_sender] AndroidManifest.xml:16:17-67
170                android:resource="@xml/shared_file_paths" />
170-->[:flutter_email_sender] AndroidManifest.xml:17:17-58
171        </provider>
172        <provider
172-->[:image_picker_android] AndroidManifest.xml:10:9-18:20
173            android:name="io.flutter.plugins.imagepicker.ImagePickerFileProvider"
173-->[:image_picker_android] AndroidManifest.xml:11:13-82
174            android:authorities="com.example.user.flutter.image_provider"
174-->[:image_picker_android] AndroidManifest.xml:12:13-74
175            android:exported="false"
175-->[:image_picker_android] AndroidManifest.xml:13:13-37
176            android:grantUriPermissions="true" >
176-->[:image_picker_android] AndroidManifest.xml:14:13-47
177            <meta-data
177-->[:flutter_email_sender] AndroidManifest.xml:15:13-17:61
178                android:name="android.support.FILE_PROVIDER_PATHS"
178-->[:flutter_email_sender] AndroidManifest.xml:16:17-67
179                android:resource="@xml/flutter_image_picker_file_paths" />
179-->[:flutter_email_sender] AndroidManifest.xml:17:17-58
180        </provider>
181
182        <activity
182-->[:url_launcher_android] AndroidManifest.xml:10:9-13:74
183            android:name="io.flutter.plugins.urllauncher.WebViewActivity"
183-->[:url_launcher_android] AndroidManifest.xml:11:13-74
184            android:exported="false"
184-->[:url_launcher_android] AndroidManifest.xml:12:13-37
185            android:theme="@android:style/Theme.NoTitleBar.Fullscreen" />
185-->[:url_launcher_android] AndroidManifest.xml:13:13-71
186        <activity
186-->[com.google.firebase:firebase-auth:22.0.0] AndroidManifest.xml:29:9-46:20
187            android:name="com.google.firebase.auth.internal.GenericIdpActivity"
187-->[com.google.firebase:firebase-auth:22.0.0] AndroidManifest.xml:30:13-80
188            android:excludeFromRecents="true"
188-->[com.google.firebase:firebase-auth:22.0.0] AndroidManifest.xml:31:13-46
189            android:exported="true"
189-->[com.google.firebase:firebase-auth:22.0.0] AndroidManifest.xml:32:13-36
190            android:launchMode="singleTask"
190-->[com.google.firebase:firebase-auth:22.0.0] AndroidManifest.xml:33:13-44
191            android:theme="@android:style/Theme.Translucent.NoTitleBar" >
191-->[com.google.firebase:firebase-auth:22.0.0] AndroidManifest.xml:34:13-72
192            <intent-filter>
192-->[com.google.firebase:firebase-auth:22.0.0] AndroidManifest.xml:35:13-45:29
193                <action android:name="android.intent.action.VIEW" />
193-->[com.google.firebase:firebase-auth:22.0.0] AndroidManifest.xml:36:17-69
193-->[com.google.firebase:firebase-auth:22.0.0] AndroidManifest.xml:36:25-66
194
195                <category android:name="android.intent.category.DEFAULT" />
195-->[com.google.firebase:firebase-auth:22.0.0] AndroidManifest.xml:38:17-76
195-->[com.google.firebase:firebase-auth:22.0.0] AndroidManifest.xml:38:27-73
196                <category android:name="android.intent.category.BROWSABLE" />
196-->[com.google.firebase:firebase-auth:22.0.0] AndroidManifest.xml:39:17-78
196-->[com.google.firebase:firebase-auth:22.0.0] AndroidManifest.xml:39:27-75
197
198                <data
198-->[:file_picker] AndroidManifest.xml:15:13-44
199                    android:host="firebase.auth"
200                    android:path="/"
201                    android:scheme="genericidp" />
202            </intent-filter>
203        </activity>
204        <activity
204-->[com.google.firebase:firebase-auth:22.0.0] AndroidManifest.xml:47:9-64:20
205            android:name="com.google.firebase.auth.internal.RecaptchaActivity"
205-->[com.google.firebase:firebase-auth:22.0.0] AndroidManifest.xml:48:13-79
206            android:excludeFromRecents="true"
206-->[com.google.firebase:firebase-auth:22.0.0] AndroidManifest.xml:49:13-46
207            android:exported="true"
207-->[com.google.firebase:firebase-auth:22.0.0] AndroidManifest.xml:50:13-36
208            android:launchMode="singleTask"
208-->[com.google.firebase:firebase-auth:22.0.0] AndroidManifest.xml:51:13-44
209            android:theme="@android:style/Theme.Translucent.NoTitleBar" >
209-->[com.google.firebase:firebase-auth:22.0.0] AndroidManifest.xml:52:13-72
210            <intent-filter>
210-->[com.google.firebase:firebase-auth:22.0.0] AndroidManifest.xml:53:13-63:29
211                <action android:name="android.intent.action.VIEW" />
211-->[com.google.firebase:firebase-auth:22.0.0] AndroidManifest.xml:36:17-69
211-->[com.google.firebase:firebase-auth:22.0.0] AndroidManifest.xml:36:25-66
212
213                <category android:name="android.intent.category.DEFAULT" />
213-->[com.google.firebase:firebase-auth:22.0.0] AndroidManifest.xml:38:17-76
213-->[com.google.firebase:firebase-auth:22.0.0] AndroidManifest.xml:38:27-73
214                <category android:name="android.intent.category.BROWSABLE" />
214-->[com.google.firebase:firebase-auth:22.0.0] AndroidManifest.xml:39:17-78
214-->[com.google.firebase:firebase-auth:22.0.0] AndroidManifest.xml:39:27-75
215
216                <data
216-->[:file_picker] AndroidManifest.xml:15:13-44
217                    android:host="firebase.auth"
218                    android:path="/"
219                    android:scheme="recaptcha" />
220            </intent-filter>
221        </activity>
222
223        <provider
223-->[io.kommunicate.sdk:kommunicateui:2.7.5] AndroidManifest.xml:27:9-36:20
224            android:name="com.applozic.mobicomkit.uiwidgets.KmFileProvider"
224-->[io.kommunicate.sdk:kommunicateui:2.7.5] AndroidManifest.xml:28:13-76
225            android:authorities="com.example.user.provider"
225-->[io.kommunicate.sdk:kommunicateui:2.7.5] AndroidManifest.xml:29:13-60
226            android:exported="false"
226-->[io.kommunicate.sdk:kommunicateui:2.7.5] AndroidManifest.xml:30:13-37
227            android:grantUriPermissions="true" >
227-->[io.kommunicate.sdk:kommunicateui:2.7.5] AndroidManifest.xml:31:13-47
228            <meta-data
228-->[:flutter_email_sender] AndroidManifest.xml:15:13-17:61
229                android:name="android.support.FILE_PROVIDER_PATHS"
229-->[:flutter_email_sender] AndroidManifest.xml:16:17-67
230                android:resource="@xml/km_provider_paths" />
230-->[:flutter_email_sender] AndroidManifest.xml:17:17-58
231        </provider>
232
233        <service
233-->[io.kommunicate.sdk:kommunicateui:2.7.5] AndroidManifest.xml:38:9-45:19
234            android:name="com.applozic.mobicomkit.uiwidgets.KmFirebaseMessagingService"
234-->[io.kommunicate.sdk:kommunicateui:2.7.5] AndroidManifest.xml:39:13-88
235            android:exported="true"
235-->[io.kommunicate.sdk:kommunicateui:2.7.5] AndroidManifest.xml:40:13-36
236            android:stopWithTask="false" >
236-->[io.kommunicate.sdk:kommunicateui:2.7.5] AndroidManifest.xml:41:13-41
237            <intent-filter>
237-->[io.kommunicate.sdk:kommunicateui:2.7.5] AndroidManifest.xml:42:13-44:29
238                <action android:name="com.google.firebase.MESSAGING_EVENT" />
238-->[io.kommunicate.sdk:kommunicateui:2.7.5] AndroidManifest.xml:43:17-78
238-->[io.kommunicate.sdk:kommunicateui:2.7.5] AndroidManifest.xml:43:25-75
239            </intent-filter>
240        </service>
241
242        <activity
242-->[io.kommunicate.sdk:kommunicateui:2.7.5] AndroidManifest.xml:47:9-53:34
243            android:name="com.applozic.mobicomkit.uiwidgets.conversation.activity.ConversationActivity"
243-->[io.kommunicate.sdk:kommunicateui:2.7.5] AndroidManifest.xml:48:13-104
244            android:configChanges="keyboardHidden|screenSize|locale|smallestScreenSize|screenLayout|orientation"
244-->[io.kommunicate.sdk:kommunicateui:2.7.5] AndroidManifest.xml:49:13-113
245            android:label="@string/app_name"
245-->[io.kommunicate.sdk:kommunicateui:2.7.5] AndroidManifest.xml:50:13-45
246            android:launchMode="singleTask"
246-->[io.kommunicate.sdk:kommunicateui:2.7.5] AndroidManifest.xml:51:13-44
247            android:theme="@style/ApplozicTheme" />
247-->[io.kommunicate.sdk:kommunicateui:2.7.5] AndroidManifest.xml:52:13-49
248        <activity
248-->[io.kommunicate.sdk:kommunicateui:2.7.5] AndroidManifest.xml:54:9-59:58
249            android:name="com.applozic.mobicomkit.uiwidgets.conversation.activity.MobicomLocationActivity"
249-->[io.kommunicate.sdk:kommunicateui:2.7.5] AndroidManifest.xml:55:13-107
250            android:configChanges="keyboardHidden|screenSize|smallestScreenSize|screenLayout|orientation"
250-->[io.kommunicate.sdk:kommunicateui:2.7.5] AndroidManifest.xml:56:13-106
251            android:parentActivityName="com.applozic.mobicomkit.uiwidgets.conversation.activity.ConversationActivity"
251-->[io.kommunicate.sdk:kommunicateui:2.7.5] AndroidManifest.xml:57:13-118
252            android:theme="@style/ApplozicTheme"
252-->[io.kommunicate.sdk:kommunicateui:2.7.5] AndroidManifest.xml:58:13-49
253            android:windowSoftInputMode="adjustResize" />
253-->[io.kommunicate.sdk:kommunicateui:2.7.5] AndroidManifest.xml:59:13-55
254        <activity
254-->[io.kommunicate.sdk:kommunicateui:2.7.5] AndroidManifest.xml:60:9-72:20
255            android:name="com.applozic.mobicomkit.uiwidgets.conversation.activity.FullScreenImageActivity"
255-->[io.kommunicate.sdk:kommunicateui:2.7.5] AndroidManifest.xml:61:13-107
256            android:configChanges="keyboardHidden|orientation|screenSize"
256-->[io.kommunicate.sdk:kommunicateui:2.7.5] AndroidManifest.xml:62:13-74
257            android:label="Image"
257-->[io.kommunicate.sdk:kommunicateui:2.7.5] AndroidManifest.xml:63:13-34
258            android:parentActivityName="com.applozic.mobicomkit.uiwidgets.conversation.activity.ConversationActivity"
258-->[io.kommunicate.sdk:kommunicateui:2.7.5] AndroidManifest.xml:64:13-118
259            android:theme="@style/Applozic_FullScreen_Theme" >
259-->[io.kommunicate.sdk:kommunicateui:2.7.5] AndroidManifest.xml:65:13-61
260
261            <!-- Parent activity meta-data to support API level 7+ -->
262            <meta-data
262-->[io.kommunicate.sdk:kommunicateui:2.7.5] AndroidManifest.xml:69:13-71:112
263                android:name="android.support.PARENT_ACTIVITY"
263-->[io.kommunicate.sdk:kommunicateui:2.7.5] AndroidManifest.xml:70:17-63
264                android:value="com.applozic.mobicomkit.uiwidgets.conversation.activity.ConversationActivity" />
264-->[io.kommunicate.sdk:kommunicateui:2.7.5] AndroidManifest.xml:71:17-109
265        </activity>
266        <activity
266-->[io.kommunicate.sdk:kommunicateui:2.7.5] AndroidManifest.xml:73:9-80:34
267            android:name="com.applozic.mobicomkit.uiwidgets.conversation.richmessaging.webview.KmWebViewActivity"
267-->[io.kommunicate.sdk:kommunicateui:2.7.5] AndroidManifest.xml:74:13-114
268            android:configChanges="keyboardHidden|orientation|screenSize"
268-->[io.kommunicate.sdk:kommunicateui:2.7.5] AndroidManifest.xml:75:13-74
269            android:label="Image"
269-->[io.kommunicate.sdk:kommunicateui:2.7.5] AndroidManifest.xml:76:13-34
270            android:launchMode="singleTop"
270-->[io.kommunicate.sdk:kommunicateui:2.7.5] AndroidManifest.xml:77:13-43
271            android:parentActivityName="com.applozic.mobicomkit.uiwidgets.conversation.activity.ConversationActivity"
271-->[io.kommunicate.sdk:kommunicateui:2.7.5] AndroidManifest.xml:78:13-118
272            android:theme="@style/ApplozicTheme" />
272-->[io.kommunicate.sdk:kommunicateui:2.7.5] AndroidManifest.xml:79:13-49
273        <activity
273-->[io.kommunicate.sdk:kommunicateui:2.7.5] AndroidManifest.xml:81:9-85:34
274            android:name="com.applozic.mobicomkit.uiwidgets.kommunicate.activities.LeadCollectionActivity"
274-->[io.kommunicate.sdk:kommunicateui:2.7.5] AndroidManifest.xml:82:13-107
275            android:configChanges="keyboardHidden|orientation|screenSize"
275-->[io.kommunicate.sdk:kommunicateui:2.7.5] AndroidManifest.xml:83:13-74
276            android:theme="@style/ApplozicTheme" />
276-->[io.kommunicate.sdk:kommunicateui:2.7.5] AndroidManifest.xml:84:13-49
277        <activity
277-->[io.kommunicate.sdk:kommunicateui:2.7.5] AndroidManifest.xml:86:9-96:20
278            android:name="com.applozic.mobicomkit.uiwidgets.conversation.activity.MobiComAttachmentSelectorActivity"
278-->[io.kommunicate.sdk:kommunicateui:2.7.5] AndroidManifest.xml:87:13-117